set -o pipefail; /usr/bin/mariadb-dump --user=_c4cba48cab6a79e2 --host=127.0.0.1 --port=3306 --password=********** --single-transaction --quick --lock-tables=false _c4cba48cab6a79e2 | /usr/bin/gzip >> ./manufacture.local/private/backups/20240518_120012-manufacture_local-database.sql.gz

Backup Summary for manufacture.local at 2024-05-18 12:00:35.789633
Config  : ./manufacture.local/private/backups/20240518_120012-manufacture_local-site_config_backup.json 94.0B
Database: ./manufacture.local/private/backups/20240518_120012-manufacture_local-database.sql.gz         216.0KiB
Backup for Site manufacture.local has been successfully completed
set -o pipefail; /usr/bin/mariadb-dump --user=_37931db34a660467 --host=127.0.0.1 --port=3306 --password=********** --single-transaction --quick --lock-tables=false _37931db34a660467 | /usr/bin/gzip >> ./localhost/private/backups/20240518_180009-localhost-database.sql.gz

Backup Summary for localhost at 2024-05-18 18:00:23.264520
Config  : ./localhost/private/backups/20240518_180009-localhost-site_config_backup.json 94.0B
Database: ./localhost/private/backups/20240518_180009-localhost-database.sql.gz         803.5KiB
Backup for Site localhost has been successfully completed
File ./manufacture.local/private/backups/20240518_120012-manufacture_local-database.sql.gz is recent
File ./manufacture.local/private/backups/20240518_120012-manufacture_local-site_config_backup.json is recent
set -o pipefail; /usr/bin/mariadb-dump --user=_c4cba48cab6a79e2 --host=127.0.0.1 --port=3306 --password=********** --single-transaction --quick --lock-tables=false _c4cba48cab6a79e2 | /usr/bin/gzip >> ./manufacture.local/private/backups/20240518_180024-manufacture_local-database.sql.gz

Backup Summary for manufacture.local at 2024-05-18 18:00:26.385551
Config  : ./manufacture.local/private/backups/20240518_180024-manufacture_local-site_config_backup.json 94.0B
Database: ./manufacture.local/private/backups/20240518_180024-manufacture_local-database.sql.gz         216.3KiB
Backup for Site manufacture.local has been successfully completed
set -o pipefail; /usr/bin/mariadb-dump --user=_37931db34a660467 --host=127.0.0.1 --port=3306 --password=********** --single-transaction --quick --lock-tables=false _37931db34a660467 | /usr/bin/gzip >> ./localhost/private/backups/20240520_120018-localhost-database.sql.gz

Backup Summary for localhost at 2024-05-20 12:00:49.937583
Config  : ./localhost/private/backups/20240520_120018-localhost-site_config_backup.json 94.0B
Database: ./localhost/private/backups/20240520_120018-localhost-database.sql.gz         806.8KiB
Backup for Site localhost has been successfully completed
File ./manufacture.local/private/backups/20240518_120012-manufacture_local-database.sql.gz is older than 24 hours
File ./manufacture.local/private/backups/20240518_120012-manufacture_local-site_config_backup.json is older than 24 hours
File ./manufacture.local/private/backups/20240518_180024-manufacture_local-database.sql.gz is older than 24 hours
File ./manufacture.local/private/backups/20240518_180024-manufacture_local-site_config_backup.json is older than 24 hours
set -o pipefail; /usr/bin/mariadb-dump --user=_c4cba48cab6a79e2 --host=127.0.0.1 --port=3306 --password=********** --single-transaction --quick --lock-tables=false _c4cba48cab6a79e2 | /usr/bin/gzip >> ./manufacture.local/private/backups/20240520_120053-manufacture_local-database.sql.gz

Backup Summary for manufacture.local at 2024-05-20 12:00:57.173815
Config  : ./manufacture.local/private/backups/20240520_120053-manufacture_local-site_config_backup.json 94.0B
Database: ./manufacture.local/private/backups/20240520_120053-manufacture_local-database.sql.gz         216.3KiB
Backup for Site manufacture.local has been successfully completed
set -o pipefail; /usr/bin/mariadb-dump --user=_37931db34a660467 --host=127.0.0.1 --port=3306 --password=********** --single-transaction --quick --lock-tables=false _37931db34a660467 | /usr/bin/gzip >> ./localhost/private/backups/20240520_180009-localhost-database.sql.gz

Backup Summary for localhost at 2024-05-20 18:00:21.578938
Config  : ./localhost/private/backups/20240520_180009-localhost-site_config_backup.json 94.0B
Database: ./localhost/private/backups/20240520_180009-localhost-database.sql.gz         819.9KiB
Backup for Site localhost has been successfully completed
File ./manufacture.local/private/backups/20240520_120053-manufacture_local-database.sql.gz is recent
File ./manufacture.local/private/backups/20240520_120053-manufacture_local-site_config_backup.json is recent
set -o pipefail; /usr/bin/mariadb-dump --user=_c4cba48cab6a79e2 --host=127.0.0.1 --port=3306 --password=********** --single-transaction --quick --lock-tables=false _c4cba48cab6a79e2 | /usr/bin/gzip >> ./manufacture.local/private/backups/20240520_180022-manufacture_local-database.sql.gz

Backup Summary for manufacture.local at 2024-05-20 18:00:24.330811
Config  : ./manufacture.local/private/backups/20240520_180022-manufacture_local-site_config_backup.json 94.0B
Database: ./manufacture.local/private/backups/20240520_180022-manufacture_local-database.sql.gz         216.3KiB
Backup for Site manufacture.local has been successfully completed
set -o pipefail; /usr/bin/mariadb-dump --user=_37931db34a660467 --host=127.0.0.1 --port=3306 --password=********** --single-transaction --quick --lock-tables=false _37931db34a660467 | /usr/bin/gzip >> ./localhost/private/backups/20240521_120010-localhost-database.sql.gz

Backup Summary for localhost at 2024-05-21 12:00:18.145926
Config  : ./localhost/private/backups/20240521_120010-localhost-site_config_backup.json 94.0B
Database: ./localhost/private/backups/20240521_120010-localhost-database.sql.gz         821.3KiB
Backup for Site localhost has been successfully completed
File ./manufacture.local/private/backups/20240520_120053-manufacture_local-database.sql.gz is recent
File ./manufacture.local/private/backups/20240520_120053-manufacture_local-site_config_backup.json is recent
File ./manufacture.local/private/backups/20240520_180022-manufacture_local-database.sql.gz is recent
File ./manufacture.local/private/backups/20240520_180022-manufacture_local-site_config_backup.json is recent
set -o pipefail; /usr/bin/mariadb-dump --user=_c4cba48cab6a79e2 --host=127.0.0.1 --port=3306 --password=********** --single-transaction --quick --lock-tables=false _c4cba48cab6a79e2 | /usr/bin/gzip >> ./manufacture.local/private/backups/20240521_120018-manufacture_local-database.sql.gz

Backup Summary for manufacture.local at 2024-05-21 12:00:19.452711
Config  : ./manufacture.local/private/backups/20240521_120018-manufacture_local-site_config_backup.json 94.0B
Database: ./manufacture.local/private/backups/20240521_120018-manufacture_local-database.sql.gz         216.3KiB
Backup for Site manufacture.local has been successfully completed
set -o pipefail; /usr/bin/mariadb-dump --user=_37931db34a660467 --host=127.0.0.1 --port=3306 --password=********** --single-transaction --quick --lock-tables=false _37931db34a660467 | /usr/bin/gzip >> ./localhost/private/backups/20240521_180008-localhost-database.sql.gz

Backup Summary for localhost at 2024-05-21 18:00:19.950194
Config  : ./localhost/private/backups/20240521_180008-localhost-site_config_backup.json 94.0B
Database: ./localhost/private/backups/20240521_180008-localhost-database.sql.gz         828.0KiB
Backup for Site localhost has been successfully completed
File ./manufacture.local/private/backups/20240520_120053-manufacture_local-database.sql.gz is older than 24 hours
File ./manufacture.local/private/backups/20240520_120053-manufacture_local-site_config_backup.json is older than 24 hours
File ./manufacture.local/private/backups/20240520_180022-manufacture_local-database.sql.gz is recent
File ./manufacture.local/private/backups/20240520_180022-manufacture_local-site_config_backup.json is recent
File ./manufacture.local/private/backups/20240521_120018-manufacture_local-database.sql.gz is recent
File ./manufacture.local/private/backups/20240521_120018-manufacture_local-site_config_backup.json is recent
set -o pipefail; /usr/bin/mariadb-dump --user=_c4cba48cab6a79e2 --host=127.0.0.1 --port=3306 --password=********** --single-transaction --quick --lock-tables=false _c4cba48cab6a79e2 | /usr/bin/gzip >> ./manufacture.local/private/backups/20240521_180020-manufacture_local-database.sql.gz

Backup Summary for manufacture.local at 2024-05-21 18:00:22.430141
Config  : ./manufacture.local/private/backups/20240521_180020-manufacture_local-site_config_backup.json 94.0B
Database: ./manufacture.local/private/backups/20240521_180020-manufacture_local-database.sql.gz         216.3KiB
Backup for Site manufacture.local has been successfully completed
set -o pipefail; /usr/bin/mariadb-dump --user=_37931db34a660467 --host=127.0.0.1 --port=3306 --password=********** --single-transaction --quick --lock-tables=false _37931db34a660467 | /usr/bin/gzip >> ./localhost/private/backups/20240522_120014-localhost-database.sql.gz

Backup Summary for localhost at 2024-05-22 12:00:27.254828
Config  : ./localhost/private/backups/20240522_120014-localhost-site_config_backup.json 94.0B
Database: ./localhost/private/backups/20240522_120014-localhost-database.sql.gz         828.6KiB
Backup for Site localhost has been successfully completed
File ./manufacture.local/private/backups/20240520_180022-manufacture_local-database.sql.gz is older than 24 hours
File ./manufacture.local/private/backups/20240520_180022-manufacture_local-site_config_backup.json is older than 24 hours
File ./manufacture.local/private/backups/20240521_120018-manufacture_local-database.sql.gz is older than 24 hours
File ./manufacture.local/private/backups/20240521_120018-manufacture_local-site_config_backup.json is older than 24 hours
File ./manufacture.local/private/backups/20240521_180020-manufacture_local-database.sql.gz is recent
File ./manufacture.local/private/backups/20240521_180020-manufacture_local-site_config_backup.json is recent
set -o pipefail; /usr/bin/mariadb-dump --user=_c4cba48cab6a79e2 --host=127.0.0.1 --port=3306 --password=********** --single-transaction --quick --lock-tables=false _c4cba48cab6a79e2 | /usr/bin/gzip >> ./manufacture.local/private/backups/20240522_120027-manufacture_local-database.sql.gz

Backup Summary for manufacture.local at 2024-05-22 12:00:30.047948
Config  : ./manufacture.local/private/backups/20240522_120027-manufacture_local-site_config_backup.json 94.0B
Database: ./manufacture.local/private/backups/20240522_120027-manufacture_local-database.sql.gz         216.3KiB
Backup for Site manufacture.local has been successfully completed
set -o pipefail; /usr/bin/mariadb-dump --user=_37931db34a660467 --host=127.0.0.1 --port=3306 --password=********** --single-transaction --quick --lock-tables=false _37931db34a660467 | /usr/bin/gzip >> ./localhost/private/backups/20240522_180009-localhost-database.sql.gz

Backup Summary for localhost at 2024-05-22 18:00:17.034651
Config  : ./localhost/private/backups/20240522_180009-localhost-site_config_backup.json 94.0B
Database: ./localhost/private/backups/20240522_180009-localhost-database.sql.gz         828.6KiB
Backup for Site localhost has been successfully completed
File ./manufacture.local/private/backups/20240521_180020-manufacture_local-database.sql.gz is recent
File ./manufacture.local/private/backups/20240521_180020-manufacture_local-site_config_backup.json is recent
File ./manufacture.local/private/backups/20240522_120027-manufacture_local-database.sql.gz is recent
File ./manufacture.local/private/backups/20240522_120027-manufacture_local-site_config_backup.json is recent
set -o pipefail; /usr/bin/mariadb-dump --user=_c4cba48cab6a79e2 --host=127.0.0.1 --port=3306 --password=********** --single-transaction --quick --lock-tables=false _c4cba48cab6a79e2 | /usr/bin/gzip >> ./manufacture.local/private/backups/20240522_180017-manufacture_local-database.sql.gz

Backup Summary for manufacture.local at 2024-05-22 18:00:18.428300
Config  : ./manufacture.local/private/backups/20240522_180017-manufacture_local-site_config_backup.json 94.0B
Database: ./manufacture.local/private/backups/20240522_180017-manufacture_local-database.sql.gz         216.3KiB
Backup for Site manufacture.local has been successfully completed
set -o pipefail; /usr/bin/mariadb-dump --user=_37931db34a660467 --host=127.0.0.1 --port=3306 --password=********** --single-transaction --quick --lock-tables=false _37931db34a660467 | /usr/bin/gzip >> ./localhost/private/backups/20240523_180011-localhost-database.sql.gz

Backup Summary for localhost at 2024-05-23 18:00:28.225589
Config  : ./localhost/private/backups/20240523_180011-localhost-site_config_backup.json 94.0B
Database: ./localhost/private/backups/20240523_180011-localhost-database.sql.gz         836.9KiB
Backup for Site localhost has been successfully completed
File ./manufacture.local/private/backups/20240521_180020-manufacture_local-database.sql.gz is older than 24 hours
File ./manufacture.local/private/backups/20240521_180020-manufacture_local-site_config_backup.json is older than 24 hours
File ./manufacture.local/private/backups/20240522_120027-manufacture_local-database.sql.gz is older than 24 hours
File ./manufacture.local/private/backups/20240522_120027-manufacture_local-site_config_backup.json is older than 24 hours
File ./manufacture.local/private/backups/20240522_180017-manufacture_local-database.sql.gz is older than 24 hours
File ./manufacture.local/private/backups/20240522_180017-manufacture_local-site_config_backup.json is older than 24 hours
set -o pipefail; /usr/bin/mariadb-dump --user=_c4cba48cab6a79e2 --host=127.0.0.1 --port=3306 --password=********** --single-transaction --quick --lock-tables=false _c4cba48cab6a79e2 | /usr/bin/gzip >> ./manufacture.local/private/backups/20240523_180029-manufacture_local-database.sql.gz

Backup Summary for manufacture.local at 2024-05-23 18:00:32.027598
Config  : ./manufacture.local/private/backups/20240523_180029-manufacture_local-site_config_backup.json 94.0B
Database: ./manufacture.local/private/backups/20240523_180029-manufacture_local-database.sql.gz         216.3KiB
Backup for Site manufacture.local has been successfully completed
set -o pipefail; /usr/bin/mariadb-dump --user=_37931db34a660467 --host=127.0.0.1 --port=3306 --password=********** --single-transaction --quick --lock-tables=false _37931db34a660467 | /usr/bin/gzip >> ./localhost/private/backups/20240524_120009-localhost-database.sql.gz

Backup Summary for localhost at 2024-05-24 12:00:15.740171
Config  : ./localhost/private/backups/20240524_120009-localhost-site_config_backup.json 94.0B
Database: ./localhost/private/backups/20240524_120009-localhost-database.sql.gz         838.0KiB
Backup for Site localhost has been successfully completed
File ./manufacture.local/private/backups/20240523_180029-manufacture_local-database.sql.gz is recent
File ./manufacture.local/private/backups/20240523_180029-manufacture_local-site_config_backup.json is recent
set -o pipefail; /usr/bin/mariadb-dump --user=_c4cba48cab6a79e2 --host=127.0.0.1 --port=3306 --password=********** --single-transaction --quick --lock-tables=false _c4cba48cab6a79e2 | /usr/bin/gzip >> ./manufacture.local/private/backups/20240524_120015-manufacture_local-database.sql.gz

Backup Summary for manufacture.local at 2024-05-24 12:00:16.775959
Config  : ./manufacture.local/private/backups/20240524_120015-manufacture_local-site_config_backup.json 94.0B
Database: ./manufacture.local/private/backups/20240524_120015-manufacture_local-database.sql.gz         216.3KiB
Backup for Site manufacture.local has been successfully completed
set -o pipefail; /usr/bin/mariadb-dump --user=_37931db34a660467 --host=127.0.0.1 --port=3306 --password=********** --single-transaction --quick --lock-tables=false _37931db34a660467 | /usr/bin/gzip >> ./localhost/private/backups/20240524_180013-localhost-database.sql.gz

Backup Summary for localhost at 2024-05-24 18:00:21.920348
Config  : ./localhost/private/backups/20240524_180013-localhost-site_config_backup.json 94.0B
Database: ./localhost/private/backups/20240524_180013-localhost-database.sql.gz         838.0KiB
Backup for Site localhost has been successfully completed
File ./manufacture.local/private/backups/20240523_180029-manufacture_local-database.sql.gz is recent
File ./manufacture.local/private/backups/20240523_180029-manufacture_local-site_config_backup.json is recent
File ./manufacture.local/private/backups/20240524_120015-manufacture_local-database.sql.gz is recent
File ./manufacture.local/private/backups/20240524_120015-manufacture_local-site_config_backup.json is recent
set -o pipefail; /usr/bin/mariadb-dump --user=_c4cba48cab6a79e2 --host=127.0.0.1 --port=3306 --password=********** --single-transaction --quick --lock-tables=false _c4cba48cab6a79e2 | /usr/bin/gzip >> ./manufacture.local/private/backups/20240524_180022-manufacture_local-database.sql.gz

Backup Summary for manufacture.local at 2024-05-24 18:00:23.366497
Config  : ./manufacture.local/private/backups/20240524_180022-manufacture_local-site_config_backup.json 94.0B
Database: ./manufacture.local/private/backups/20240524_180022-manufacture_local-database.sql.gz         216.3KiB
Backup for Site manufacture.local has been successfully completed
set -o pipefail; /usr/bin/mariadb-dump --user=_37931db34a660467 --host=127.0.0.1 --port=3306 --password=********** --single-transaction --quick --lock-tables=false _37931db34a660467 | /usr/bin/gzip >> ./localhost/private/backups/20240605_180010-localhost-database.sql.gz

Backup Summary for localhost at 2024-06-05 18:00:27.096248
Config  : ./localhost/private/backups/20240605_180010-localhost-site_config_backup.json 94.0B
Database: ./localhost/private/backups/20240605_180010-localhost-database.sql.gz         816.3KiB
Backup for Site localhost has been successfully completed
File ./manufacture.local/private/backups/20240523_180029-manufacture_local-database.sql.gz is older than 24 hours
File ./manufacture.local/private/backups/20240523_180029-manufacture_local-site_config_backup.json is older than 24 hours
File ./manufacture.local/private/backups/20240524_120015-manufacture_local-database.sql.gz is older than 24 hours
File ./manufacture.local/private/backups/20240524_120015-manufacture_local-site_config_backup.json is older than 24 hours
File ./manufacture.local/private/backups/20240524_180022-manufacture_local-database.sql.gz is older than 24 hours
File ./manufacture.local/private/backups/20240524_180022-manufacture_local-site_config_backup.json is older than 24 hours
set -o pipefail; /usr/bin/mariadb-dump --user=_c4cba48cab6a79e2 --host=127.0.0.1 --port=3306 --password=********** --single-transaction --quick --lock-tables=false _c4cba48cab6a79e2 | /usr/bin/gzip >> ./manufacture.local/private/backups/20240605_180028-manufacture_local-database.sql.gz

Backup Summary for manufacture.local at 2024-06-05 18:00:30.758358
Config  : ./manufacture.local/private/backups/20240605_180028-manufacture_local-site_config_backup.json 94.0B
Database: ./manufacture.local/private/backups/20240605_180028-manufacture_local-database.sql.gz         216.3KiB
Backup for Site manufacture.local has been successfully completed
set -o pipefail; /usr/bin/mariadb-dump --user=_37931db34a660467 --host=127.0.0.1 --port=3306 --password=********** --single-transaction --quick --lock-tables=false _37931db34a660467 | /usr/bin/gzip >> ./localhost/private/backups/20240608_180010-localhost-database.sql.gz

Backup Summary for localhost at 2024-06-08 18:00:23.853440
Config  : ./localhost/private/backups/20240608_180010-localhost-site_config_backup.json 94.0B
Database: ./localhost/private/backups/20240608_180010-localhost-database.sql.gz         857.2KiB
Backup for Site localhost has been successfully completed
File ./manufacture.local/private/backups/20240605_180028-manufacture_local-database.sql.gz is older than 24 hours
File ./manufacture.local/private/backups/20240605_180028-manufacture_local-site_config_backup.json is older than 24 hours
set -o pipefail; /usr/bin/mariadb-dump --user=_c4cba48cab6a79e2 --host=127.0.0.1 --port=3306 --password=********** --single-transaction --quick --lock-tables=false _c4cba48cab6a79e2 | /usr/bin/gzip >> ./manufacture.local/private/backups/20240608_180024-manufacture_local-database.sql.gz

Backup Summary for manufacture.local at 2024-06-08 18:00:26.988740
Config  : ./manufacture.local/private/backups/20240608_180024-manufacture_local-site_config_backup.json 94.0B
Database: ./manufacture.local/private/backups/20240608_180024-manufacture_local-database.sql.gz         216.3KiB
Backup for Site manufacture.local has been successfully completed
set -o pipefail; /usr/bin/mariadb-dump --user=_37931db34a660467 --host=127.0.0.1 --port=3306 --password=********** --single-transaction --quick --lock-tables=false _37931db34a660467 | /usr/bin/gzip >> ./localhost/private/backups/20240610_180009-localhost-database.sql.gz

Backup Summary for localhost at 2024-06-10 18:00:16.018430
Config  : ./localhost/private/backups/20240610_180009-localhost-site_config_backup.json 94.0B
Database: ./localhost/private/backups/20240610_180009-localhost-database.sql.gz         861.9KiB
Backup for Site localhost has been successfully completed
File ./manufacture.local/private/backups/20240608_180024-manufacture_local-database.sql.gz is older than 24 hours
File ./manufacture.local/private/backups/20240608_180024-manufacture_local-site_config_backup.json is older than 24 hours
set -o pipefail; /usr/bin/mariadb-dump --user=_c4cba48cab6a79e2 --host=127.0.0.1 --port=3306 --password=********** --single-transaction --quick --lock-tables=false _c4cba48cab6a79e2 | /usr/bin/gzip >> ./manufacture.local/private/backups/20240610_180016-manufacture_local-database.sql.gz

Backup Summary for manufacture.local at 2024-06-10 18:00:17.272921
Config  : ./manufacture.local/private/backups/20240610_180016-manufacture_local-site_config_backup.json 94.0B
Database: ./manufacture.local/private/backups/20240610_180016-manufacture_local-database.sql.gz         216.3KiB
Backup for Site manufacture.local has been successfully completed
set -o pipefail; /usr/bin/mariadb-dump --user=_37931db34a660467 --host=127.0.0.1 --port=3306 --password=********** --single-transaction --quick --lock-tables=false _37931db34a660467 | /usr/bin/gzip >> ./localhost/private/backups/20240611_180007-localhost-database.sql.gz

Backup Summary for localhost at 2024-06-11 18:00:18.815160
Config  : ./localhost/private/backups/20240611_180007-localhost-site_config_backup.json 94.0B
Database: ./localhost/private/backups/20240611_180007-localhost-database.sql.gz         868.6KiB
Backup for Site localhost has been successfully completed
File ./manufacture.local/private/backups/20240610_180016-manufacture_local-database.sql.gz is older than 24 hours
File ./manufacture.local/private/backups/20240610_180016-manufacture_local-site_config_backup.json is older than 24 hours
set -o pipefail; /usr/bin/mariadb-dump --user=_c4cba48cab6a79e2 --host=127.0.0.1 --port=3306 --password=********** --single-transaction --quick --lock-tables=false _c4cba48cab6a79e2 | /usr/bin/gzip >> ./manufacture.local/private/backups/20240611_180019-manufacture_local-database.sql.gz

Backup Summary for manufacture.local at 2024-06-11 18:00:21.589929
Config  : ./manufacture.local/private/backups/20240611_180019-manufacture_local-site_config_backup.json 94.0B
Database: ./manufacture.local/private/backups/20240611_180019-manufacture_local-database.sql.gz         216.3KiB
Backup for Site manufacture.local has been successfully completed
set -o pipefail; /usr/bin/mariadb-dump --user=_37931db34a660467 --host=127.0.0.1 --port=3306 --password=********** --single-transaction --quick --lock-tables=false _37931db34a660467 | /usr/bin/gzip >> ./localhost/private/backups/20240612_180018-localhost-database.sql.gz

Backup Summary for localhost at 2024-06-12 18:00:34.346564
Config  : ./localhost/private/backups/20240612_180018-localhost-site_config_backup.json 94.0B
Database: ./localhost/private/backups/20240612_180018-localhost-database.sql.gz         882.5KiB
Backup for Site localhost has been successfully completed
File ./manufacture.local/private/backups/20240611_180019-manufacture_local-database.sql.gz is older than 24 hours
File ./manufacture.local/private/backups/20240611_180019-manufacture_local-site_config_backup.json is older than 24 hours
set -o pipefail; /usr/bin/mariadb-dump --user=_c4cba48cab6a79e2 --host=127.0.0.1 --port=3306 --password=********** --single-transaction --quick --lock-tables=false _c4cba48cab6a79e2 | /usr/bin/gzip >> ./manufacture.local/private/backups/20240612_180036-manufacture_local-database.sql.gz

Backup Summary for manufacture.local at 2024-06-12 18:00:39.034091
Config  : ./manufacture.local/private/backups/20240612_180036-manufacture_local-site_config_backup.json 94.0B
Database: ./manufacture.local/private/backups/20240612_180036-manufacture_local-database.sql.gz         216.3KiB
Backup for Site manufacture.local has been successfully completed
set -o pipefail; /usr/bin/mariadb-dump --user=_37931db34a660467 --host=127.0.0.1 --port=3306 --password=********** --single-transaction --quick --lock-tables=false _37931db34a660467 | /usr/bin/gzip >> ./localhost/private/backups/20240613_180010-localhost-database.sql.gz

Backup Summary for localhost at 2024-06-13 18:00:24.018376
Config  : ./localhost/private/backups/20240613_180010-localhost-site_config_backup.json 94.0B
Database: ./localhost/private/backups/20240613_180010-localhost-database.sql.gz         883.7KiB
Backup for Site localhost has been successfully completed
File ./manufacture.local/private/backups/20240612_180036-manufacture_local-database.sql.gz is recent
File ./manufacture.local/private/backups/20240612_180036-manufacture_local-site_config_backup.json is recent
set -o pipefail; /usr/bin/mariadb-dump --user=_c4cba48cab6a79e2 --host=127.0.0.1 --port=3306 --password=********** --single-transaction --quick --lock-tables=false _c4cba48cab6a79e2 | /usr/bin/gzip >> ./manufacture.local/private/backups/20240613_180025-manufacture_local-database.sql.gz

Backup Summary for manufacture.local at 2024-06-13 18:00:27.797753
Config  : ./manufacture.local/private/backups/20240613_180025-manufacture_local-site_config_backup.json 94.0B
Database: ./manufacture.local/private/backups/20240613_180025-manufacture_local-database.sql.gz         216.3KiB
Backup for Site manufacture.local has been successfully completed
set -o pipefail; /usr/bin/mariadb-dump --user=_37931db34a660467 --host=127.0.0.1 --port=3306 --password=********** --single-transaction --quick --lock-tables=false _37931db34a660467 | /usr/bin/gzip >> ./localhost/private/backups/20240614_180010-localhost-database.sql.gz

Backup Summary for localhost at 2024-06-14 18:00:29.031100
Config  : ./localhost/private/backups/20240614_180010-localhost-site_config_backup.json 94.0B
Database: ./localhost/private/backups/20240614_180010-localhost-database.sql.gz         887.3KiB
Backup for Site localhost has been successfully completed
File ./manufacture.local/private/backups/20240612_180036-manufacture_local-database.sql.gz is older than 24 hours
File ./manufacture.local/private/backups/20240612_180036-manufacture_local-site_config_backup.json is older than 24 hours
File ./manufacture.local/private/backups/20240613_180025-manufacture_local-database.sql.gz is older than 24 hours
File ./manufacture.local/private/backups/20240613_180025-manufacture_local-site_config_backup.json is older than 24 hours
set -o pipefail; /usr/bin/mariadb-dump --user=_c4cba48cab6a79e2 --host=127.0.0.1 --port=3306 --password=********** --single-transaction --quick --lock-tables=false _c4cba48cab6a79e2 | /usr/bin/gzip >> ./manufacture.local/private/backups/20240614_180030-manufacture_local-database.sql.gz

Backup Summary for manufacture.local at 2024-06-14 18:00:33.139736
Config  : ./manufacture.local/private/backups/20240614_180030-manufacture_local-site_config_backup.json 94.0B
Database: ./manufacture.local/private/backups/20240614_180030-manufacture_local-database.sql.gz         216.3KiB
Backup for Site manufacture.local has been successfully completed
set -o pipefail; /usr/bin/mariadb-dump --user=_37931db34a660467 --host=127.0.0.1 --port=3306 --password=********** --single-transaction --quick --lock-tables=false _37931db34a660467 | /usr/bin/gzip >> ./localhost/private/backups/20240618_180011-localhost-database.sql.gz

Backup Summary for localhost at 2024-06-18 18:00:26.505600
Config  : ./localhost/private/backups/20240618_180011-localhost-site_config_backup.json 94.0B
Database: ./localhost/private/backups/20240618_180011-localhost-database.sql.gz         885.5KiB
Backup for Site localhost has been successfully completed
File ./manufacture.local/private/backups/20240618_142448-manufacture_local-database.sql.gz is recent
File ./manufacture.local/private/backups/20240618_142448-manufacture_local-site_config_backup.json is recent
File ./manufacture.local/private/backups/20240618_155246-manufacture_local-database.sql.gz is recent
File ./manufacture.local/private/backups/20240618_155246-manufacture_local-site_config_backup.json is recent
set -o pipefail; /usr/bin/mariadb-dump --user=_c4cba48cab6a79e2 --host=127.0.0.1 --port=3306 --password=********** --single-transaction --quick --lock-tables=false _c4cba48cab6a79e2 | /usr/bin/gzip >> ./manufacture.local/private/backups/20240618_180031-manufacture_local-database.sql.gz

Backup Summary for manufacture.local at 2024-06-18 18:00:33.666503
Config  : ./manufacture.local/private/backups/20240618_180031-manufacture_local-site_config_backup.json 94.0B
Database: ./manufacture.local/private/backups/20240618_180031-manufacture_local-database.sql.gz         216.3KiB
Backup for Site manufacture.local has been successfully completed
set -o pipefail; /usr/bin/mariadb-dump --user=_37931db34a660467 --host=127.0.0.1 --port=3306 --password=********** --single-transaction --quick --lock-tables=false _37931db34a660467 | /usr/bin/gzip >> ./localhost/private/backups/20240619_120014-localhost-database.sql.gz

Backup Summary for localhost at 2024-06-19 12:00:33.844173
Config  : ./localhost/private/backups/20240619_120014-localhost-site_config_backup.json 94.0B
Database: ./localhost/private/backups/20240619_120014-localhost-database.sql.gz         885.6KiB
Backup for Site localhost has been successfully completed
File ./manufacture.local/private/backups/20240618_142448-manufacture_local-database.sql.gz is recent
File ./manufacture.local/private/backups/20240618_142448-manufacture_local-site_config_backup.json is recent
File ./manufacture.local/private/backups/20240618_155246-manufacture_local-database.sql.gz is recent
File ./manufacture.local/private/backups/20240618_155246-manufacture_local-site_config_backup.json is recent
File ./manufacture.local/private/backups/20240618_180031-manufacture_local-database.sql.gz is recent
File ./manufacture.local/private/backups/20240618_180031-manufacture_local-site_config_backup.json is recent
set -o pipefail; /usr/bin/mariadb-dump --user=_c4cba48cab6a79e2 --host=127.0.0.1 --port=3306 --password=********** --single-transaction --quick --lock-tables=false _c4cba48cab6a79e2 | /usr/bin/gzip >> ./manufacture.local/private/backups/20240619_120041-manufacture_local-database.sql.gz

Backup Summary for manufacture.local at 2024-06-19 12:00:44.469405
Config  : ./manufacture.local/private/backups/20240619_120041-manufacture_local-site_config_backup.json 94.0B
Database: ./manufacture.local/private/backups/20240619_120041-manufacture_local-database.sql.gz         216.3KiB
Backup for Site manufacture.local has been successfully completed
set -o pipefail; /usr/bin/mariadb-dump --user=_37931db34a660467 --host=127.0.0.1 --port=3306 --password=********** --single-transaction --quick --lock-tables=false _37931db34a660467 | /usr/bin/gzip >> ./localhost/private/backups/20240619_180013-localhost-database.sql.gz

Backup Summary for localhost at 2024-06-19 18:00:33.366810
Config  : ./localhost/private/backups/20240619_180013-localhost-site_config_backup.json 94.0B
Database: ./localhost/private/backups/20240619_180013-localhost-database.sql.gz         890.6KiB
Backup for Site localhost has been successfully completed
File ./manufacture.local/private/backups/20240618_142448-manufacture_local-database.sql.gz is older than 24 hours
File ./manufacture.local/private/backups/20240618_142448-manufacture_local-site_config_backup.json is older than 24 hours
File ./manufacture.local/private/backups/20240618_155246-manufacture_local-database.sql.gz is older than 24 hours
File ./manufacture.local/private/backups/20240618_155246-manufacture_local-site_config_backup.json is older than 24 hours
File ./manufacture.local/private/backups/20240618_180031-manufacture_local-database.sql.gz is recent
File ./manufacture.local/private/backups/20240618_180031-manufacture_local-site_config_backup.json is recent
File ./manufacture.local/private/backups/20240619_120041-manufacture_local-database.sql.gz is recent
File ./manufacture.local/private/backups/20240619_120041-manufacture_local-site_config_backup.json is recent
set -o pipefail; /usr/bin/mariadb-dump --user=_c4cba48cab6a79e2 --host=127.0.0.1 --port=3306 --password=********** --single-transaction --quick --lock-tables=false _c4cba48cab6a79e2 | /usr/bin/gzip >> ./manufacture.local/private/backups/20240619_180042-manufacture_local-database.sql.gz

Backup Summary for manufacture.local at 2024-06-19 18:00:46.924910
Config  : ./manufacture.local/private/backups/20240619_180042-manufacture_local-site_config_backup.json 94.0B
Database: ./manufacture.local/private/backups/20240619_180042-manufacture_local-database.sql.gz         216.3KiB
Backup for Site manufacture.local has been successfully completed
set -o pipefail; /usr/bin/mariadb-dump --user=_37931db34a660467 --host=127.0.0.1 --port=3306 --password=********** --single-transaction --quick --lock-tables=false _37931db34a660467 | /usr/bin/gzip >> ./localhost/private/backups/20240620_120011-localhost-database.sql.gz

Backup Summary for localhost at 2024-06-20 12:00:25.600587
Config  : ./localhost/private/backups/20240620_120011-localhost-site_config_backup.json 94.0B
Database: ./localhost/private/backups/20240620_120011-localhost-database.sql.gz         890.9KiB
Backup for Site localhost has been successfully completed
File ./manufacture.local/private/backups/20240618_180031-manufacture_local-database.sql.gz is older than 24 hours
File ./manufacture.local/private/backups/20240618_180031-manufacture_local-site_config_backup.json is older than 24 hours
File ./manufacture.local/private/backups/20240619_120041-manufacture_local-database.sql.gz is recent
File ./manufacture.local/private/backups/20240619_120041-manufacture_local-site_config_backup.json is recent
File ./manufacture.local/private/backups/20240619_180042-manufacture_local-database.sql.gz is recent
File ./manufacture.local/private/backups/20240619_180042-manufacture_local-site_config_backup.json is recent
set -o pipefail; /usr/bin/mariadb-dump --user=_c4cba48cab6a79e2 --host=127.0.0.1 --port=3306 --password=********** --single-transaction --quick --lock-tables=false _c4cba48cab6a79e2 | /usr/bin/gzip >> ./manufacture.local/private/backups/20240620_120030-manufacture_local-database.sql.gz

Backup Summary for manufacture.local at 2024-06-20 12:00:33.167893
Config  : ./manufacture.local/private/backups/20240620_120030-manufacture_local-site_config_backup.json 94.0B
Database: ./manufacture.local/private/backups/20240620_120030-manufacture_local-database.sql.gz         216.3KiB
Backup for Site manufacture.local has been successfully completed
set -o pipefail; /usr/bin/mariadb-dump --user=_37931db34a660467 --host=127.0.0.1 --port=3306 --password=********** --single-transaction --quick --lock-tables=false _37931db34a660467 | /usr/bin/gzip >> ./localhost/private/backups/20240620_180008-localhost-database.sql.gz

Backup Summary for localhost at 2024-06-20 18:00:16.651702
Config  : ./localhost/private/backups/20240620_180008-localhost-site_config_backup.json 94.0B
Database: ./localhost/private/backups/20240620_180008-localhost-database.sql.gz         890.9KiB
Backup for Site localhost has been successfully completed
File ./manufacture.local/private/backups/20240619_120041-manufacture_local-database.sql.gz is older than 24 hours
File ./manufacture.local/private/backups/20240619_120041-manufacture_local-site_config_backup.json is older than 24 hours
File ./manufacture.local/private/backups/20240619_180042-manufacture_local-database.sql.gz is recent
File ./manufacture.local/private/backups/20240619_180042-manufacture_local-site_config_backup.json is recent
File ./manufacture.local/private/backups/20240620_120030-manufacture_local-database.sql.gz is recent
File ./manufacture.local/private/backups/20240620_120030-manufacture_local-site_config_backup.json is recent
set -o pipefail; /usr/bin/mariadb-dump --user=_c4cba48cab6a79e2 --host=127.0.0.1 --port=3306 --password=********** --single-transaction --quick --lock-tables=false _c4cba48cab6a79e2 | /usr/bin/gzip >> ./manufacture.local/private/backups/20240620_180016-manufacture_local-database.sql.gz

Backup Summary for manufacture.local at 2024-06-20 18:00:17.934766
Config  : ./manufacture.local/private/backups/20240620_180016-manufacture_local-site_config_backup.json 94.0B
Database: ./manufacture.local/private/backups/20240620_180016-manufacture_local-database.sql.gz         216.3KiB
Backup for Site manufacture.local has been successfully completed
set -o pipefail; /usr/bin/mariadb-dump --user=_37931db34a660467 --host=127.0.0.1 --port=3306 --password=********** --single-transaction --quick --lock-tables=false _37931db34a660467 | /usr/bin/gzip >> ./localhost/private/backups/20240622_120011-localhost-database.sql.gz

Backup Summary for localhost at 2024-06-22 12:00:33.409632
Config  : ./localhost/private/backups/20240622_120011-localhost-site_config_backup.json 94.0B
Database: ./localhost/private/backups/20240622_120011-localhost-database.sql.gz         894.8KiB
Backup for Site localhost has been successfully completed
File ./manufacture.local/private/backups/20240619_180042-manufacture_local-database.sql.gz is older than 24 hours
File ./manufacture.local/private/backups/20240619_180042-manufacture_local-site_config_backup.json is older than 24 hours
File ./manufacture.local/private/backups/20240620_120030-manufacture_local-database.sql.gz is older than 24 hours
File ./manufacture.local/private/backups/20240620_120030-manufacture_local-site_config_backup.json is older than 24 hours
File ./manufacture.local/private/backups/20240620_180016-manufacture_local-database.sql.gz is older than 24 hours
File ./manufacture.local/private/backups/20240620_180016-manufacture_local-site_config_backup.json is older than 24 hours
set -o pipefail; /usr/bin/mariadb-dump --user=_c4cba48cab6a79e2 --host=127.0.0.1 --port=3306 --password=********** --single-transaction --quick --lock-tables=false _c4cba48cab6a79e2 | /usr/bin/gzip >> ./manufacture.local/private/backups/20240622_120040-manufacture_local-database.sql.gz

Backup Summary for manufacture.local at 2024-06-22 12:00:44.946758
Config  : ./manufacture.local/private/backups/20240622_120040-manufacture_local-site_config_backup.json 94.0B
Database: ./manufacture.local/private/backups/20240622_120040-manufacture_local-database.sql.gz         216.3KiB
Backup for Site manufacture.local has been successfully completed
set -o pipefail; /usr/bin/mariadb-dump --user=_37931db34a660467 --host=127.0.0.1 --port=3306 --password=********** --single-transaction --quick --lock-tables=false _37931db34a660467 | /usr/bin/gzip >> ./localhost/private/backups/20240622_180009-localhost-database.sql.gz

Backup Summary for localhost at 2024-06-22 18:00:21.588870
Config  : ./localhost/private/backups/20240622_180009-localhost-site_config_backup.json 94.0B
Database: ./localhost/private/backups/20240622_180009-localhost-database.sql.gz         911.4KiB
Backup for Site localhost has been successfully completed
File ./manufacture.local/private/backups/20240622_120040-manufacture_local-database.sql.gz is recent
File ./manufacture.local/private/backups/20240622_120040-manufacture_local-site_config_backup.json is recent
set -o pipefail; /usr/bin/mariadb-dump --user=_c4cba48cab6a79e2 --host=127.0.0.1 --port=3306 --password=********** --single-transaction --quick --lock-tables=false _c4cba48cab6a79e2 | /usr/bin/gzip >> ./manufacture.local/private/backups/20240622_180025-manufacture_local-database.sql.gz

Backup Summary for manufacture.local at 2024-06-22 18:00:27.874417
Config  : ./manufacture.local/private/backups/20240622_180025-manufacture_local-site_config_backup.json 94.0B
Database: ./manufacture.local/private/backups/20240622_180025-manufacture_local-database.sql.gz         216.3KiB
Backup for Site manufacture.local has been successfully completed
set -o pipefail; /usr/bin/mariadb-dump --user=_37931db34a660467 --host=127.0.0.1 --port=3306 --password=********** --single-transaction --quick --lock-tables=false _37931db34a660467 | /usr/bin/gzip >> ./localhost/private/backups/20240624_120009-localhost-database.sql.gz

Backup Summary for localhost at 2024-06-24 12:00:19.605273
Config  : ./localhost/private/backups/20240624_120009-localhost-site_config_backup.json 94.0B
Database: ./localhost/private/backups/20240624_120009-localhost-database.sql.gz         920.1KiB
Backup for Site localhost has been successfully completed
File ./manufacture.local/private/backups/20240622_120040-manufacture_local-database.sql.gz is older than 24 hours
File ./manufacture.local/private/backups/20240622_120040-manufacture_local-site_config_backup.json is older than 24 hours
File ./manufacture.local/private/backups/20240622_180025-manufacture_local-database.sql.gz is older than 24 hours
File ./manufacture.local/private/backups/20240622_180025-manufacture_local-site_config_backup.json is older than 24 hours
set -o pipefail; /usr/bin/mariadb-dump --user=_c4cba48cab6a79e2 --host=127.0.0.1 --port=3306 --password=********** --single-transaction --quick --lock-tables=false _c4cba48cab6a79e2 | /usr/bin/gzip >> ./manufacture.local/private/backups/20240624_120023-manufacture_local-database.sql.gz

Backup Summary for manufacture.local at 2024-06-24 12:00:25.829726
Config  : ./manufacture.local/private/backups/20240624_120023-manufacture_local-site_config_backup.json 94.0B
Database: ./manufacture.local/private/backups/20240624_120023-manufacture_local-database.sql.gz         216.3KiB
Backup for Site manufacture.local has been successfully completed
set -o pipefail; /usr/bin/mariadb-dump --user=_37931db34a660467 --host=127.0.0.1 --port=3306 --password=********** --single-transaction --quick --lock-tables=false _37931db34a660467 | /usr/bin/gzip >> ./localhost/private/backups/20240624_180010-localhost-database.sql.gz

Backup Summary for localhost at 2024-06-24 18:00:25.503645
Config  : ./localhost/private/backups/20240624_180010-localhost-site_config_backup.json 161.0B
Database: ./localhost/private/backups/20240624_180010-localhost-database.sql.gz         938.9KiB
Backup for Site localhost has been successfully completed
File ./manufacture.local/private/backups/20240624_120023-manufacture_local-database.sql.gz is recent
File ./manufacture.local/private/backups/20240624_120023-manufacture_local-site_config_backup.json is recent
set -o pipefail; /usr/bin/mariadb-dump --user=_c4cba48cab6a79e2 --host=127.0.0.1 --port=3306 --password=********** --single-transaction --quick --lock-tables=false _c4cba48cab6a79e2 | /usr/bin/gzip >> ./manufacture.local/private/backups/20240624_180030-manufacture_local-database.sql.gz

Backup Summary for manufacture.local at 2024-06-24 18:00:33.246749
Config  : ./manufacture.local/private/backups/20240624_180030-manufacture_local-site_config_backup.json 94.0B
Database: ./manufacture.local/private/backups/20240624_180030-manufacture_local-database.sql.gz         216.3KiB
Backup for Site manufacture.local has been successfully completed
set -o pipefail; /usr/bin/mariadb-dump --user=_37931db34a660467 --host=127.0.0.1 --port=3306 --password=********** --single-transaction --quick --lock-tables=false _37931db34a660467 | /usr/bin/gzip >> ./localhost/private/backups/20240625_180011-localhost-database.sql.gz

Backup Summary for localhost at 2024-06-25 18:00:26.194452
Config  : ./localhost/private/backups/20240625_180011-localhost-site_config_backup.json 161.0B
Database: ./localhost/private/backups/20240625_180011-localhost-database.sql.gz         939.8KiB
Backup for Site localhost has been successfully completed
File ./manufacture.local/private/backups/20240624_120023-manufacture_local-database.sql.gz is older than 24 hours
File ./manufacture.local/private/backups/20240624_120023-manufacture_local-site_config_backup.json is older than 24 hours
File ./manufacture.local/private/backups/20240624_180030-manufacture_local-database.sql.gz is recent
File ./manufacture.local/private/backups/20240624_180030-manufacture_local-site_config_backup.json is recent
set -o pipefail; /usr/bin/mariadb-dump --user=_c4cba48cab6a79e2 --host=127.0.0.1 --port=3306 --password=********** --single-transaction --quick --lock-tables=false _c4cba48cab6a79e2 | /usr/bin/gzip >> ./manufacture.local/private/backups/20240625_180032-manufacture_local-database.sql.gz

Backup Summary for manufacture.local at 2024-06-25 18:00:36.013844
Config  : ./manufacture.local/private/backups/20240625_180032-manufacture_local-site_config_backup.json 94.0B
Database: ./manufacture.local/private/backups/20240625_180032-manufacture_local-database.sql.gz         216.3KiB
Backup for Site manufacture.local has been successfully completed
set -o pipefail; /usr/bin/mariadb-dump --user=_37931db34a660467 --host=127.0.0.1 --port=3306 --password=********** --single-transaction --quick --lock-tables=false _37931db34a660467 | /usr/bin/gzip >> ./localhost/private/backups/20240626_120009-localhost-database.sql.gz

Backup Summary for localhost at 2024-06-26 12:00:21.761888
Config  : ./localhost/private/backups/20240626_120009-localhost-site_config_backup.json 161.0B
Database: ./localhost/private/backups/20240626_120009-localhost-database.sql.gz         942.7KiB
Backup for Site localhost has been successfully completed
File ./manufacture.local/private/backups/20240624_180030-manufacture_local-database.sql.gz is older than 24 hours
File ./manufacture.local/private/backups/20240624_180030-manufacture_local-site_config_backup.json is older than 24 hours
File ./manufacture.local/private/backups/20240625_180032-manufacture_local-database.sql.gz is recent
File ./manufacture.local/private/backups/20240625_180032-manufacture_local-site_config_backup.json is recent
set -o pipefail; /usr/bin/mariadb-dump --user=_c4cba48cab6a79e2 --host=127.0.0.1 --port=3306 --password=********** --single-transaction --quick --lock-tables=false _c4cba48cab6a79e2 | /usr/bin/gzip >> ./manufacture.local/private/backups/20240626_120026-manufacture_local-database.sql.gz

Backup Summary for manufacture.local at 2024-06-26 12:00:29.471551
Config  : ./manufacture.local/private/backups/20240626_120026-manufacture_local-site_config_backup.json 94.0B
Database: ./manufacture.local/private/backups/20240626_120026-manufacture_local-database.sql.gz         216.3KiB
Backup for Site manufacture.local has been successfully completed
set -o pipefail; /usr/bin/mariadb-dump --user=_37931db34a660467 --host=127.0.0.1 --port=3306 --password=********** --single-transaction --quick --lock-tables=false _37931db34a660467 | /usr/bin/gzip >> ./localhost/private/backups/20240626_180016-localhost-database.sql.gz

Backup Summary for localhost at 2024-06-26 18:00:26.899865
Config  : ./localhost/private/backups/20240626_180016-localhost-site_config_backup.json 161.0B
Database: ./localhost/private/backups/20240626_180016-localhost-database.sql.gz         945.8KiB
Backup for Site localhost has been successfully completed
File ./manufacture.local/private/backups/20240625_180032-manufacture_local-database.sql.gz is recent
File ./manufacture.local/private/backups/20240625_180032-manufacture_local-site_config_backup.json is recent
File ./manufacture.local/private/backups/20240626_120026-manufacture_local-database.sql.gz is recent
File ./manufacture.local/private/backups/20240626_120026-manufacture_local-site_config_backup.json is recent
set -o pipefail; /usr/bin/mariadb-dump --user=_c4cba48cab6a79e2 --host=127.0.0.1 --port=3306 --password=********** --single-transaction --quick --lock-tables=false _c4cba48cab6a79e2 | /usr/bin/gzip >> ./manufacture.local/private/backups/20240626_180027-manufacture_local-database.sql.gz

Backup Summary for manufacture.local at 2024-06-26 18:00:29.541654
Config  : ./manufacture.local/private/backups/20240626_180027-manufacture_local-site_config_backup.json 94.0B
Database: ./manufacture.local/private/backups/20240626_180027-manufacture_local-database.sql.gz         216.3KiB
Backup for Site manufacture.local has been successfully completed
set -o pipefail; /usr/bin/mariadb-dump --user=_37931db34a660467 --host=127.0.0.1 --port=3306 --password=********** --single-transaction --quick --lock-tables=false _37931db34a660467 | /usr/bin/gzip >> ./localhost/private/backups/20240627_180013-localhost-database.sql.gz

Backup Summary for localhost at 2024-06-27 18:00:21.179049
Config  : ./localhost/private/backups/20240627_180013-localhost-site_config_backup.json 161.0B
Database: ./localhost/private/backups/20240627_180013-localhost-database.sql.gz         970.2KiB
Backup for Site localhost has been successfully completed
File ./manufacture.local/private/backups/20240625_180032-manufacture_local-database.sql.gz is older than 24 hours
File ./manufacture.local/private/backups/20240625_180032-manufacture_local-site_config_backup.json is older than 24 hours
File ./manufacture.local/private/backups/20240626_120026-manufacture_local-database.sql.gz is older than 24 hours
File ./manufacture.local/private/backups/20240626_120026-manufacture_local-site_config_backup.json is older than 24 hours
File ./manufacture.local/private/backups/20240626_180027-manufacture_local-database.sql.gz is recent
File ./manufacture.local/private/backups/20240626_180027-manufacture_local-site_config_backup.json is recent
set -o pipefail; /usr/bin/mariadb-dump --user=_c4cba48cab6a79e2 --host=127.0.0.1 --port=3306 --password=********** --single-transaction --quick --lock-tables=false _c4cba48cab6a79e2 | /usr/bin/gzip >> ./manufacture.local/private/backups/20240627_180021-manufacture_local-database.sql.gz

Backup Summary for manufacture.local at 2024-06-27 18:00:23.377484
Config  : ./manufacture.local/private/backups/20240627_180021-manufacture_local-site_config_backup.json 94.0B
Database: ./manufacture.local/private/backups/20240627_180021-manufacture_local-database.sql.gz         216.3KiB
Backup for Site manufacture.local has been successfully completed
set -o pipefail; /usr/bin/mariadb-dump --user=_37931db34a660467 --host=127.0.0.1 --port=3306 --password=********** --single-transaction --quick --lock-tables=false _37931db34a660467 | /usr/bin/gzip >> ./localhost/private/backups/20240628_180011-localhost-database.sql.gz

Backup Summary for localhost at 2024-06-28 18:00:25.688796
Config  : ./localhost/private/backups/20240628_180011-localhost-site_config_backup.json 161.0B
Database: ./localhost/private/backups/20240628_180011-localhost-database.sql.gz         971.2KiB
Backup for Site localhost has been successfully completed
File ./manufacture.local/private/backups/20240626_180027-manufacture_local-database.sql.gz is older than 24 hours
File ./manufacture.local/private/backups/20240626_180027-manufacture_local-site_config_backup.json is older than 24 hours
File ./manufacture.local/private/backups/20240627_180021-manufacture_local-database.sql.gz is older than 24 hours
File ./manufacture.local/private/backups/20240627_180021-manufacture_local-site_config_backup.json is older than 24 hours
set -o pipefail; /usr/bin/mariadb-dump --user=_c4cba48cab6a79e2 --host=127.0.0.1 --port=3306 --password=********** --single-transaction --quick --lock-tables=false _c4cba48cab6a79e2 | /usr/bin/gzip >> ./manufacture.local/private/backups/20240628_180030-manufacture_local-database.sql.gz

Backup Summary for manufacture.local at 2024-06-28 18:00:32.975076
Config  : ./manufacture.local/private/backups/20240628_180030-manufacture_local-site_config_backup.json 94.0B
Database: ./manufacture.local/private/backups/20240628_180030-manufacture_local-database.sql.gz         216.3KiB
Backup for Site manufacture.local has been successfully completed
set -o pipefail; /usr/bin/mariadb-dump --user=_37931db34a660467 --host=127.0.0.1 --port=3306 --password=********** --single-transaction --quick --lock-tables=false _37931db34a660467 | /usr/bin/gzip >> ./localhost/private/backups/20240702_120009-localhost-database.sql.gz

Backup Summary for localhost at 2024-07-02 12:00:15.453906
Config  : ./localhost/private/backups/20240702_120009-localhost-site_config_backup.json 161.0B
Database: ./localhost/private/backups/20240702_120009-localhost-database.sql.gz         971.3KiB
Backup for Site localhost has been successfully completed
File ./manufacture.local/private/backups/20240628_180030-manufacture_local-database.sql.gz is older than 24 hours
File ./manufacture.local/private/backups/20240628_180030-manufacture_local-site_config_backup.json is older than 24 hours
set -o pipefail; /usr/bin/mariadb-dump --user=_c4cba48cab6a79e2 --host=127.0.0.1 --port=3306 --password=********** --single-transaction --quick --lock-tables=false _c4cba48cab6a79e2 | /usr/bin/gzip >> ./manufacture.local/private/backups/20240702_120015-manufacture_local-database.sql.gz

Backup Summary for manufacture.local at 2024-07-02 12:00:17.069922
Config  : ./manufacture.local/private/backups/20240702_120015-manufacture_local-site_config_backup.json 94.0B
Database: ./manufacture.local/private/backups/20240702_120015-manufacture_local-database.sql.gz         216.3KiB
Backup for Site manufacture.local has been successfully completed
set -o pipefail; /usr/bin/mariadb-dump --user=_37931db34a660467 --host=127.0.0.1 --port=3306 --password=********** --single-transaction --quick --lock-tables=false _37931db34a660467 | /usr/bin/gzip >> ./localhost/private/backups/20240702_180011-localhost-database.sql.gz

Backup Summary for localhost at 2024-07-02 18:00:24.709130
Config  : ./localhost/private/backups/20240702_180011-localhost-site_config_backup.json 161.0B
Database: ./localhost/private/backups/20240702_180011-localhost-database.sql.gz         978.6KiB
Backup for Site localhost has been successfully completed
File ./manufacture.local/private/backups/20240702_120015-manufacture_local-database.sql.gz is recent
File ./manufacture.local/private/backups/20240702_120015-manufacture_local-site_config_backup.json is recent
set -o pipefail; /usr/bin/mariadb-dump --user=_c4cba48cab6a79e2 --host=127.0.0.1 --port=3306 --password=********** --single-transaction --quick --lock-tables=false _c4cba48cab6a79e2 | /usr/bin/gzip >> ./manufacture.local/private/backups/20240702_180028-manufacture_local-database.sql.gz

Backup Summary for manufacture.local at 2024-07-02 18:00:30.768308
Config  : ./manufacture.local/private/backups/20240702_180028-manufacture_local-site_config_backup.json 94.0B
Database: ./manufacture.local/private/backups/20240702_180028-manufacture_local-database.sql.gz         216.3KiB
Backup for Site manufacture.local has been successfully completed
